23/06/2014 10:05:00 gttglobal.py[line:18] INFO>>>>>>
 SHA-LNK DL 14125.80 S RoundTrip:6

23/06/2014 10:05:23 gttglobal.py[line:18] INFO>>>>>>
 SHA-MSY AA 11980.38 S RoundTrip:5

23/06/2014 10:07:44 gttglobal.py[line:18] INFO>>>>>>
 SHA-ALB DL 13437.18 S RoundTrip:5

23/06/2014 10:08:13 gttglobal.py[line:18] INFO>>>>>>
 SHA-BUF AA 12460.67 A RoundTrip:5

23/06/2014 10:08:37 gttglobal.py[line:18] INFO>>>>>>
 SHA-SJC MU 11563.70 A RoundTrip:4

23/06/2014 10:09:05 gttglobal.py[line:18] INFO>>>>>>
 SHA-TUS NH 11095.79 S RoundTrip:6

23/06/2014 10:09:33 gttglobal.py[line:18] INFO>>>>>>
 SHA-TPA AA 11979.63 S RoundTrip:6

23/06/2014 10:09:57 gttglobal.py[line:18] INFO>>>>>>
 SHA-AUS NH 11095.79 S RoundTrip:6

23/06/2014 10:10:22 gttglobal.py[line:18] INFO>>>>>>
 SHA-CID AA 12559.19 S RoundTrip:5

23/06/2014 10:10:47 gttglobal.py[line:18] INFO>>>>>>
 SHA-DSM AA 12709.50 A RoundTrip:5

