Mon, 23 Jun 2014 10:04:56 gttglobal_gds_s.py[line:16] INFO>>>>>>
SHA-LNK DL 14125.80 S RoundTrip:6

Mon, 23 Jun 2014 10:05:12 gttglobal_gds_s.py[line:16] INFO>>>>>>
SHA-MSY AA 12125.28 S RoundTrip:5

Mon, 23 Jun 2014 10:05:27 gttglobal_gds_s.py[line:16] INFO>>>>>>
SHA-ALB DL 13438.03 S RoundTrip:5

Mon, 23 Jun 2014 10:05:45 gttglobal_gds_s.py[line:16] INFO>>>>>>
SHA-BUF AA 12791.96 S RoundTrip:5

Mon, 23 Jun 2014 10:05:58 gttglobal_gds_s.py[line:16] INFO>>>>>>
SHA-SJC MU 13536.99 S RoundTrip:5

Mon, 23 Jun 2014 10:06:15 gttglobal_gds_s.py[line:16] INFO>>>>>>
SHA-TUS NH 11096.49 S RoundTrip:6

Mon, 23 Jun 2014 10:06:29 gttglobal_gds_s.py[line:16] INFO>>>>>>
SHA-TPA AA 12559.98 S RoundTrip:5

Mon, 23 Jun 2014 10:06:44 gttglobal_gds_s.py[line:16] INFO>>>>>>
SHA-AUS NH 11096.49 S RoundTrip:6

Mon, 23 Jun 2014 10:06:57 gttglobal_gds_s.py[line:16] INFO>>>>>>
SHA-CID AA 12710.92 S RoundTrip:5

Mon, 23 Jun 2014 10:07:10 gttglobal_gds_s.py[line:16] INFO>>>>>>
SHA-DSM AA 12559.98 S RoundTrip:6

